<?xml version="1.0" encoding="UTF-8"?>
<!-- Generated by org.testng.reporters.JUnitReportReporter -->
<testsuite hostname="Arati-PC" name="testng_TestCases.TrainingMenuTest" tests="4" failures="0" timestamp="15 Jun 2017 11:46:12 GMT" time="13.666" errors="0">
  <testcase name="TrainingPrograms" time="7.148" classname="testng_TestCases.TrainingMenuTest"/>
  <testcase name="ScheduledProgramList" time="2.021" classname="testng_TestCases.TrainingMenuTest"/>
  <testcase name="ItemList" time="2.419" classname="testng_TestCases.TrainingMenuTest"/>
  <testcase name="ProgramSyncInfo" time="2.078" classname="testng_TestCases.TrainingMenuTest"/>
</testsuite> <!-- testng_TestCases.TrainingMenuTest -->
