<?xml version="1.0" encoding="UTF-8"?>
<!-- Generated by org.testng.reporters.JUnitReportReporter -->
<testsuite hostname="Arati-PC" name="testng_TestCases.TravelMenuTest" tests="4" failures="0" timestamp="16 Jun 2017 06:46:53 GMT" time="11.015" errors="0">
  <testcase name="NewTravelRequest" time="2.437" classname="testng_TestCases.TravelMenuTest"/>
  <testcase name="TravelRequestIndex" time="3.183" classname="testng_TestCases.TravelMenuTest"/>
  <testcase name="TravelQtnUserAssignment" time="2.514" classname="testng_TestCases.TravelMenuTest"/>
  <testcase name="RefundList" time="2.881" classname="testng_TestCases.TravelMenuTest"/>
</testsuite> <!-- testng_TestCases.TravelMenuTest -->
