<?xml version="1.0" encoding="UTF-8"?>
<!-- Generated by org.testng.reporters.JUnitReportReporter -->
<testsuite hostname="Arati-PC" name="testng_TestCases.KpiMenuTest" tests="11" failures="0" timestamp="16 Jun 2017 07:26:39 GMT" time="53.394" errors="0">
  <testcase name="CrewRetention" time="3.331" classname="testng_TestCases.KpiMenuTest"/>
  <testcase name="PMSOverdue" time="5.298" classname="testng_TestCases.KpiMenuTest"/>
  <testcase name="PIList" time="3.390" classname="testng_TestCases.KpiMenuTest"/>
  <testcase name="KPIList" time="2.159" classname="testng_TestCases.KpiMenuTest"/>
  <testcase name="CrewRetentionNew" time="3.425" classname="testng_TestCases.KpiMenuTest"/>
  <testcase name="VettingKPIs" time="7.149" classname="testng_TestCases.KpiMenuTest"/>
  <testcase name="CrewRetention1" time="2.886" classname="testng_TestCases.KpiMenuTest"/>
  <testcase name="TMSAAutoReport" time="16.351" classname="testng_TestCases.KpiMenuTest"/>
  <testcase name="KPILibrary" time="2.569" classname="testng_TestCases.KpiMenuTest"/>
  <testcase name="KPIConsolidated" time="4.779" classname="testng_TestCases.KpiMenuTest"/>
  <testcase name="PIDetails" time="2.057" classname="testng_TestCases.KpiMenuTest"/>
</testsuite> <!-- testng_TestCases.KpiMenuTest -->
